<?xml version="1.0" encoding="UTF-8" ?>
<testsuite failures="0" time="0.337" errors="0" skipped="0" tests="7" name="com.avios.prime.eratostehenes.EratosthenesPrimeGeneratorTest">
  <properties>
    <property name="java.runtime.name" value="Java(TM) SE Runtime Environment"/>
    <property name="sun.boot.library.path" value="/System/Library/Java/JavaVirtualMachines/1.6.0.jdk/Contents/Libraries"/>
    <property name="java.vm.version" value="20.51-b01-457"/>
    <property name="awt.nativeDoubleBuffering" value="true"/>
    <property name="gopherProxySet" value="false"/>
    <property name="mrj.build" value="11M4509"/>
    <property name="java.vm.vendor" value="Apple Inc."/>
    <property name="java.vendor.url" value="http://www.apple.com/"/>
    <property name="path.separator" value=":"/>
    <property name="java.vm.name" value="Java HotSpot(TM) 64-Bit Server VM"/>
    <property name="file.encoding.pkg" value="sun.io"/>
    <property name="user.country" value="US"/>
    <property name="sun.java.launcher" value="SUN_STANDARD"/>
    <property name="sun.os.patch.level" value="unknown"/>
    <property name="java.vm.specification.name" value="Java Virtual Machine Specification"/>
    <property name="user.dir" value="/Users/singhr08/workspace/prime"/>
    <property name="java.runtime.version" value="1.6.0_51-b11-457-11M4509"/>
    <property name="java.awt.graphicsenv" value="apple.awt.CGraphicsEnvironment"/>
    <property name="basedir" value="/Users/singhr08/workspace/prime"/>
    <property name="java.endorsed.dirs" value="/System/Library/Java/JavaVirtualMachines/1.6.0.jdk/Contents/Home/lib/endorsed"/>
    <property name="os.arch" value="x86_64"/>
    <property name="surefire.real.class.path" value="/var/folders/_3/hwrwvqt513g9pk_ddcvrz_398f3l3l/T/surefirebooter7710296730732201980.jar"/>
    <property name="java.io.tmpdir" value="/var/folders/_3/hwrwvqt513g9pk_ddcvrz_398f3l3l/T/"/>
    <property name="line.separator" value="
"/>
    <property name="java.vm.specification.vendor" value="Sun Microsystems Inc."/>
    <property name="os.name" value="Mac OS X"/>
    <property name="sun.jnu.encoding" value="MacRoman"/>
    <property name="java.library.path" value="/Applications/MAMP/ImageMagick-6.8.9/lib:/Applications/MAMP/Library/lib::.:/Library/Java/Extensions:/System/Library/Java/Extensions:/usr/lib/java"/>
    <property name="surefire.test.class.path" value="/Users/singhr08/workspace/prime/target/test-classes:/Users/singhr08/workspace/prime/target/classes:/Users/singhr08/.m2/repository/junit/junit/4.12/junit-4.12.jar:/Users/singhr08/.m2/repository/org/hamcrest/hamcrest-core/1.3/hamcrest-core-1.3.jar:/Users/singhr08/.m2/repository/org/mockito/mockito-all/1.9.5/mockito-all-1.9.5.jar:"/>
    <property name="java.specification.name" value="Java Platform API Specification"/>
    <property name="java.class.version" value="50.0"/>
    <property name="sun.management.compiler" value="HotSpot 64-Bit Tiered Compilers"/>
    <property name="os.version" value="10.8.5"/>
    <property name="http.nonProxyHosts" value="local|*.local|169.254/16|*.169.254/16"/>
    <property name="user.home" value="/Users/singhr08"/>
    <property name="user.timezone" value=""/>
    <property name="java.awt.printerjob" value="apple.awt.CPrinterJob"/>
    <property name="java.specification.version" value="1.6"/>
    <property name="file.encoding" value="MacRoman"/>
    <property name="user.name" value="singhr08"/>
    <property name="java.class.path" value="/Users/singhr08/workspace/prime/target/test-classes:/Users/singhr08/workspace/prime/target/classes:/Users/singhr08/.m2/repository/junit/junit/4.12/junit-4.12.jar:/Users/singhr08/.m2/repository/org/hamcrest/hamcrest-core/1.3/hamcrest-core-1.3.jar:/Users/singhr08/.m2/repository/org/mockito/mockito-all/1.9.5/mockito-all-1.9.5.jar:"/>
    <property name="java.vm.specification.version" value="1.0"/>
    <property name="sun.arch.data.model" value="64"/>
    <property name="java.home" value="/System/Library/Java/JavaVirtualMachines/1.6.0.jdk/Contents/Home"/>
    <property name="sun.java.command" value="/var/folders/_3/hwrwvqt513g9pk_ddcvrz_398f3l3l/T/surefirebooter7710296730732201980.jar /var/folders/_3/hwrwvqt513g9pk_ddcvrz_398f3l3l/T/surefire8081745760023944195tmp /var/folders/_3/hwrwvqt513g9pk_ddcvrz_398f3l3l/T/surefire6515068120415133782tmp"/>
    <property name="java.specification.vendor" value="Sun Microsystems Inc."/>
    <property name="user.language" value="en"/>
    <property name="awt.toolkit" value="apple.awt.CToolkit"/>
    <property name="java.vm.info" value="mixed mode"/>
    <property name="java.version" value="1.6.0_51"/>
    <property name="java.ext.dirs" value="/Library/Java/Extensions:/System/Library/Java/Extensions:/System/Library/Java/JavaVirtualMachines/1.6.0.jdk/Contents/Home/lib/ext"/>
    <property name="sun.boot.class.path" value="/System/Library/Java/JavaVirtualMachines/1.6.0.jdk/Contents/Classes/jsfd.jar:/System/Library/Java/JavaVirtualMachines/1.6.0.jdk/Contents/Classes/classes.jar:/System/Library/Frameworks/JavaVM.framework/Frameworks/JavaRuntimeSupport.framework/Resources/Java/JavaRuntimeSupport.jar:/System/Library/Java/JavaVirtualMachines/1.6.0.jdk/Contents/Classes/ui.jar:/System/Library/Java/JavaVirtualMachines/1.6.0.jdk/Contents/Classes/laf.jar:/System/Library/Java/JavaVirtualMachines/1.6.0.jdk/Contents/Classes/sunrsasign.jar:/System/Library/Java/JavaVirtualMachines/1.6.0.jdk/Contents/Classes/jsse.jar:/System/Library/Java/JavaVirtualMachines/1.6.0.jdk/Contents/Classes/jce.jar:/System/Library/Java/JavaVirtualMachines/1.6.0.jdk/Contents/Classes/charsets.jar"/>
    <property name="java.vendor" value="Apple Inc."/>
    <property name="localRepository" value="/Users/singhr08/.m2/repository"/>
    <property name="file.separator" value="/"/>
    <property name="java.vendor.url.bug" value="http://bugreport.apple.com/"/>
    <property name="sun.cpu.endian" value="little"/>
    <property name="sun.io.unicode.encoding" value="UnicodeLittle"/>
    <property name="mrj.version" value="1070.1.6.0_51-457"/>
    <property name="socksNonProxyHosts" value="local|*.local|169.254/16|*.169.254/16"/>
    <property name="ftp.nonProxyHosts" value="local|*.local|169.254/16|*.169.254/16"/>
    <property name="sun.cpu.isalist" value=""/>
  </properties>
  <testcase time="0.001" classname="com.avios.prime.eratostehenes.EratosthenesPrimeGeneratorTest" name="testConstructorThrowNotEnoughMemoryWhenNotEnoughSpaceToCreateArray"/>
  <testcase time="0.327" classname="com.avios.prime.eratostehenes.EratosthenesPrimeGeneratorTest" name="testGeneratePrimesShouldSetMultiplesStartingFromTwoUptoSqrtOfLimitWhenSqrtTwo"/>
  <testcase time="0.002" classname="com.avios.prime.eratostehenes.EratosthenesPrimeGeneratorTest" name="testGeneratePrimesShouldSetMultiplesStartingFromTwoUptoSqrtOfLimitWhenSqrtGreaterThanTwo"/>
  <testcase time="0.001" classname="com.avios.prime.eratostehenes.EratosthenesPrimeGeneratorTest" name="testConstructorSetsZeroAndOneToComposite"/>
  <testcase time="0.001" classname="com.avios.prime.eratostehenes.EratosthenesPrimeGeneratorTest" name="testGeneratePrimesShouldPrint"/>
  <testcase time="0.001" classname="com.avios.prime.eratostehenes.EratosthenesPrimeGeneratorTest" name="testConstructorCreatesBooleanArrayOfLimitPlusOne"/>
  <testcase time="0.001" classname="com.avios.prime.eratostehenes.EratosthenesPrimeGeneratorTest" name="testGeneratePrimesShouldSetMultiplesStartingFromTwoUptoSqrtOfLimit"/>
</testsuite>